<?xml version="1.0" encoding="UTF-8"?>
<!-- Generated by org.testng.reporters.JUnitReportReporter -->
<testsuite hostname="AFLORICU-L2" failures="0" tests="1" name="curs2.WebElementExample" time="5.265" errors="0" timestamp="2021-11-18T11:53:55 EET" skipped="0">
  <testcase classname="curs2.WebElementExample" name="test1" time="5.265"/>
  <system-out/>
</testsuite> <!-- curs2.WebElementExample -->
