<?xml version="1.0" encoding="UTF-8"?>
<!-- Generated by org.testng.reporters.JUnitReportReporter -->
<testsuite hostname="AFLORICU-L2" failures="0" tests="1" name="curs3.HomeworkCurs3" time="5.598" errors="0" timestamp="2022-01-13T09:41:02 EET" skipped="0">
  <testcase classname="curs3.HomeworkCurs3" name="forest" time="5.598"/>
  <system-out/>
</testsuite> <!-- curs3.HomeworkCurs3 -->
