<?xml version="1.0" encoding="UTF-8"?>
<!-- Generated by org.testng.reporters.JUnitReportReporter -->
<testsuite hostname="AFLORICU-L2" failures="0" tests="4" name="curs1.TestNgExample2" time="0.029" errors="0" timestamp="2021-12-03T09:24:12 EET" skipped="0">
  <testcase classname="curs1.TestNgExample2" name="test4" time="0.001"/>
  <system-out/>
  <testcase classname="curs1.TestNgExample2" name="test1" time="0.017"/>
  <system-out/>
  <testcase classname="curs1.TestNgExample2" name="test2" time="0.003"/>
  <system-out/>
  <testcase classname="curs1.TestNgExample2" name="test3" time="0.008"/>
  <system-out/>
</testsuite> <!-- curs1.TestNgExample2 -->
