<?xml version="1.0" encoding="UTF-8"?>
<!-- Generated by org.testng.reporters.JUnitReportReporter -->
<testsuite hostname="AFLORICU-L2" failures="0" tests="2" name="curs1.TestNgExample" time="0.007" errors="0" timestamp="2021-11-12T10:53:44 EET" skipped="0">
  <testcase classname="curs1.TestNgExample" name="test2" time="0.003"/>
  <system-out/>
  <testcase classname="curs1.TestNgExample" name="test1" time="0.004"/>
  <system-out/>
</testsuite> <!-- curs1.TestNgExample -->
