<?xml version="1.0" encoding="UTF-8"?>
<!-- Generated by org.testng.reporters.JUnitReportReporter -->
<testsuite hostname="AFLORICU-L2" failures="0" tests="4" name="curs2.FirstSeleniumScript" time="3.040" errors="0" timestamp="2021-11-19T12:25:19 EET" skipped="0">
  <testcase classname="curs2.FirstSeleniumScript" name="test1" time="0.050"/>
  <system-out/>
  <testcase classname="curs2.FirstSeleniumScript" name="linkTextLocatorExample" time="1.200"/>
  <system-out/>
  <testcase classname="curs2.FirstSeleniumScript" name="partialLinkTextLocatorExample" time="1.717"/>
  <system-out/>
  <testcase classname="curs2.FirstSeleniumScript" name="classNameExample" time="0.073"/>
  <system-out/>
</testsuite> <!-- curs2.FirstSeleniumScript -->
