<?xml version="1.0" encoding="UTF-8"?>
<!-- Generated by org.testng.reporters.JUnitReportReporter -->
<testsuite hostname="AFLORICU-L2" failures="0" tests="1" name="curs3.HomeworkCurs3" time="5.778" errors="0" timestamp="2022-02-02T16:42:13 EET" skipped="0">
  <testcase classname="curs3.HomeworkCurs3" name="forest" time="5.778"/>
  <system-out/>
</testsuite> <!-- curs3.HomeworkCurs3 -->
