<?xml version="1.0" encoding="UTF-8"?>
<!-- Generated by org.testng.reporters.JUnitReportReporter -->
<testsuite hostname="AFLORICU-L2" failures="0" tests="1" name="curs2.HomeWorkCurs2" time="0.176" errors="0" timestamp="2022-02-02T16:41:39 EET" skipped="0">
  <testcase classname="curs2.HomeWorkCurs2" name="test" time="0.176"/>
  <system-out/>
</testsuite> <!-- curs2.HomeWorkCurs2 -->
