<?xml version="1.0" encoding="UTF-8"?>
<!-- Generated by org.testng.reporters.JUnitReportReporter -->
<testsuite hostname="AFLORICU-L2" failures="0" tests="5" name="curs2.PriorityExample" time="0.029" errors="0" timestamp="2021-11-18T09:46:02 EET" skipped="0">
  <testcase classname="curs2.PriorityExample" name="fourth" time="0.001"/>
  <system-out/>
  <testcase classname="curs2.PriorityExample" name="fifth" time="0.019"/>
  <system-out/>
  <testcase classname="curs2.PriorityExample" name="one" time="0.003"/>
  <system-out/>
  <testcase classname="curs2.PriorityExample" name="two" time="0.002"/>
  <system-out/>
  <testcase classname="curs2.PriorityExample" name="three" time="0.004"/>
  <system-out/>
</testsuite> <!-- curs2.PriorityExample -->
