<?xml version="1.0" encoding="UTF-8"?>
<!-- Generated by org.testng.reporters.JUnitReportReporter -->
<testsuite hostname="AFLORICU-L2" failures="0" tests="1" name="curs4.CssSelectors" time="0.305" errors="0" timestamp="2021-12-03T10:58:29 EET" skipped="0">
  <testcase classname="curs4.CssSelectors" name="testCssSelectors" time="0.305"/>
  <system-out/>
</testsuite> <!-- curs4.CssSelectors -->
