<?xml version="1.0" encoding="UTF-8"?>
<!-- Generated by org.testng.reporters.JUnitReportReporter -->
<testsuite hostname="AFLORICU-L2" failures="0" tests="3" name="curs5.JsAlertsExample" time="15.320" errors="0" timestamp="2021-12-09T10:13:34 EET" skipped="0">
  <testcase classname="curs5.JsAlertsExample" name="simpleJsAlertExample" time="5.110"/>
  <system-out/>
  <testcase classname="curs5.JsAlertsExample" name="confirmJsAlertExample" time="5.102"/>
  <system-out/>
  <testcase classname="curs5.JsAlertsExample" name="jsPromptAlertExample" time="5.108"/>
  <system-out/>
</testsuite> <!-- curs5.JsAlertsExample -->
