<?xml version="1.0" encoding="UTF-8"?>
<!-- Generated by org.testng.reporters.JUnitReportReporter -->
<testsuite hostname="AFLORICU-L2" failures="0" tests="1" name="curs4.HomeworkCurs4" time="9.795" errors="0" timestamp="2021-12-08T19:35:13 EET" skipped="0">
  <testcase classname="curs4.HomeworkCurs4" name="review" time="9.795"/>
  <system-out/>
</testsuite> <!-- curs4.HomeworkCurs4 -->
