<?xml version="1.0" encoding="UTF-8"?>
<!-- Generated by org.testng.reporters.JUnitReportReporter -->
<testsuite hostname="AFLORICU-L2" failures="0" tests="2" name="curs3.FindEelementsExample" time="26.091" errors="0" timestamp="2021-12-08T17:55:25 EET" skipped="0">
  <testcase classname="curs3.FindEelementsExample" name="testFindElements" time="24.479"/>
  <system-out/>
  <testcase classname="curs3.FindEelementsExample" name="testFindElements2" time="1.612"/>
  <system-out/>
</testsuite> <!-- curs3.FindEelementsExample -->
