<?xml version="1.0" encoding="UTF-8"?>
<!-- Generated by org.testng.reporters.JUnitReportReporter -->
<testsuite hostname="AFLORICU-L2" failures="0" tests="1" name="curs3.HomeworkCurs3" time="5.465" errors="0" timestamp="2021-12-08T19:12:32 EET" skipped="0">
  <testcase classname="curs3.HomeworkCurs3" name="forest" time="5.465"/>
  <system-out/>
</testsuite> <!-- curs3.HomeworkCurs3 -->
