<?xml version="1.0" encoding="UTF-8"?>
<!-- Generated by org.testng.reporters.JUnitReportReporter -->
<testsuite hostname="AFLORICU-L2" failures="0" tests="1" name="tests.ActionClassExample" time="14.409" errors="0" timestamp="2022-02-01T16:03:22 EET" skipped="0">
  <testcase classname="tests.ActionClassExample" name="testDragAndDrop" time="14.409"/>
  <system-out/>
</testsuite> <!-- tests.ActionClassExample -->
