<?xml version="1.0" encoding="UTF-8"?>
<!-- Generated by org.testng.reporters.JUnitReportReporter -->
<testsuite hostname="AFLORICU-L2" failures="0" tests="1" name="tests.Homework13" time="40.894" errors="0" timestamp="2022-02-17T12:10:24 EET" skipped="0">
  <testcase classname="tests.Homework13" name="homework" time="40.894"/>
  <system-out/>
</testsuite> <!-- tests.Homework13 -->
