<?xml version="1.0" encoding="UTF-8"?>
<!-- Generated by org.testng.reporters.JUnitReportReporter -->
<testsuite hostname="AFLORICU-L2" failures="0" tests="1" name="tests.Homework9Test1" time="6.030" errors="0" timestamp="2022-01-19T18:01:36 EET" skipped="0">
  <testcase classname="tests.Homework9Test1" name="sortBooks" time="6.030"/>
  <system-out/>
</testsuite> <!-- tests.Homework9Test1 -->
