<?xml version="1.0" encoding="UTF-8"?>
<!-- Generated by org.testng.reporters.JUnitReportReporter -->
<testsuite hostname="AFLORICU-L2" failures="0" tests="1" name="tests.Homework10" time="8.337" errors="0" timestamp="2022-01-26T13:01:13 EET" skipped="0">
  <testcase classname="tests.Homework10" name="dragAndDropTest" time="8.337"/>
  <system-out/>
</testsuite> <!-- tests.Homework10 -->
