<?xml version="1.0" encoding="UTF-8"?>
<!-- Generated by org.testng.reporters.JUnitReportReporter -->
<testsuite hostname="AFLORICU-L2" failures="0" tests="1" name="tests.LoginTest" time="4.585" errors="0" timestamp="2022-01-13T12:28:11 EET" skipped="0">
  <testcase classname="tests.LoginTest" name="loginTest" time="4.585"/>
  <system-out/>
</testsuite> <!-- tests.LoginTest -->
