<?xml version="1.0" encoding="UTF-8"?>
<!-- Generated by org.testng.reporters.JUnitReportReporter -->
<testsuite hostname="AFLORICU-L2" failures="0" tests="1" name="tests.ActionClassExample" time="15.093" errors="0" timestamp="2022-01-20T12:24:22 EET" skipped="0">
  <testcase classname="tests.ActionClassExample" name="sendKeysExample2" time="15.093"/>
  <system-out/>
</testsuite> <!-- tests.ActionClassExample -->
