<?xml version="1.0" encoding="UTF-8"?>
<!-- Generated by org.testng.reporters.JUnitReportReporter -->
<testsuite hostname="AFLORICU-L2" failures="0" tests="1" name="tests.JSExecutorExample2" time="5.657" errors="0" timestamp="2022-02-16T18:05:39 EET" skipped="0">
  <testcase classname="tests.JSExecutorExample2" name="testJS" time="5.657"/>
  <system-out/>
</testsuite> <!-- tests.JSExecutorExample2 -->
