<?xml version="1.0" encoding="UTF-8"?>
<!-- Generated by org.testng.reporters.JUnitReportReporter -->
<testsuite hostname="AFLORICU-L2" failures="0" tests="12" name="tests.Homework12" time="90.229" errors="0" timestamp="2022-02-09T22:47:24 EET" skipped="0">
  <testcase classname="tests.Homework12" name="checkProductImages" time="7.603"/>
  <system-out/>
  <testcase classname="tests.Homework12" name="checkProductImages" time="7.472"/>
  <system-out/>
  <testcase classname="tests.Homework12" name="checkProductImages" time="7.430"/>
  <system-out/>
  <testcase classname="tests.Homework12" name="checkProductImages" time="7.415"/>
  <system-out/>
  <testcase classname="tests.Homework12" name="checkProductImages" time="7.453"/>
  <system-out/>
  <testcase classname="tests.Homework12" name="checkProductImages" time="7.890"/>
  <system-out/>
  <testcase classname="tests.Homework12" name="checkProductImages" time="7.616"/>
  <system-out/>
  <testcase classname="tests.Homework12" name="checkProductImages" time="7.451"/>
  <system-out/>
  <testcase classname="tests.Homework12" name="checkProductImages" time="7.465"/>
  <system-out/>
  <testcase classname="tests.Homework12" name="checkProductImages" time="7.477"/>
  <system-out/>
  <testcase classname="tests.Homework12" name="checkProductImages" time="7.492"/>
  <system-out/>
  <testcase classname="tests.Homework12" name="checkProductImages" time="7.465"/>
  <system-out/>
</testsuite> <!-- tests.Homework12 -->
