<?xml version="1.0" encoding="UTF-8"?>
<!-- Generated by org.testng.reporters.JUnitReportReporter -->
<testsuite hostname="AFLORICU-L2" failures="0" tests="2" name="tests.DataProviderBooksSearchTest" time="10.743" errors="0" timestamp="2022-02-09T21:41:33 EET" skipped="0">
  <testcase classname="tests.DataProviderBooksSearchTest" name="searchBooksTest" time="5.755"/>
  <system-out/>
  <testcase classname="tests.DataProviderBooksSearchTest" name="searchBooksTest" time="4.988"/>
  <system-out/>
</testsuite> <!-- tests.DataProviderBooksSearchTest -->
