<?xml version="1.0" encoding="UTF-8"?>
<!-- Generated by org.testng.reporters.JUnitReportReporter -->
<testsuite hostname="AFLORICU-L2" failures="0" tests="4" name="tests.DataProviderLoginTest" time="29.034" errors="0" timestamp="2022-02-03T10:32:47 EET" skipped="0">
  <testcase classname="tests.DataProviderLoginTest" name="loginTests" time="4.702"/>
  <system-out/>
  <testcase classname="tests.DataProviderLoginTest" name="loginTests" time="4.731"/>
  <system-out/>
  <testcase classname="tests.DataProviderLoginTest" name="loginTests" time="10.274"/>
  <system-out/>
  <testcase classname="tests.DataProviderLoginTest" name="loginTests" time="9.327"/>
  <system-out/>
</testsuite> <!-- tests.DataProviderLoginTest -->
